<?xml version="1.0" encoding="UTF-8"?>
<!-- Generated by org.testng.reporters.JUnitReportReporter -->
<testsuite hostname="hsaudi-10" failures="0" tests="2" name="com.sumerge.tests.InvalidSignInTest" time="26.336" errors="0" timestamp="2021-08-22T18:56:20 EET" skipped="0">
  <testcase classname="com.sumerge.tests.InvalidSignInTest" name="signInTest" time="13.070"/>
  <system-out/>
  <testcase classname="com.sumerge.tests.InvalidSignInTest" name="signInTest" time="13.266"/>
  <system-out/>
</testsuite> <!-- com.sumerge.tests.InvalidSignInTest -->
