<?xml version="1.0" encoding="UTF-8"?>
<!-- Generated by org.testng.reporters.JUnitReportReporter -->
<testsuite hostname="hsaudi-10" failures="0" tests="2" name="com.sumerge.tests.CartTest" time="148.086" errors="0" timestamp="2021-08-19T11:49:36 EET" skipped="0">
  <testcase classname="com.sumerge.tests.CartTest" name="cartTest" time="75.975"/>
  <system-out/>
  <testcase classname="com.sumerge.tests.CartTest" name="cartTest" time="72.111"/>
  <system-out/>
</testsuite> <!-- com.sumerge.tests.CartTest -->
