<?xml version="1.0" encoding="UTF-8"?>
<!-- Generated by org.testng.reporters.JUnitReportReporter -->
<testsuite hostname="hsaudi-10" failures="0" tests="1" name="com.sumerge.tests.HomePageTest" time="8.570" errors="0" timestamp="2021-08-22T18:56:19 EET" skipped="0">
  <testcase classname="com.sumerge.tests.HomePageTest" name="homePageTest" time="8.570"/>
  <system-out/>
</testsuite> <!-- com.sumerge.tests.HomePageTest -->
