<?xml version="1.0" encoding="UTF-8"?>
<!-- Generated by org.testng.reporters.JUnitReportReporter -->
<testsuite hostname="hsaudi-10" failures="0" tests="2" name="com.sumerge.tests.CreateAccountPageTest" time="81.504" errors="0" timestamp="2021-08-19T11:49:36 EET" skipped="0">
  <testcase classname="com.sumerge.tests.CreateAccountPageTest" name="createAccountTest" time="41.582"/>
  <system-out/>
  <testcase classname="com.sumerge.tests.CreateAccountPageTest" name="createAccountTest" time="39.922"/>
  <system-out/>
</testsuite> <!-- com.sumerge.tests.CreateAccountPageTest -->
