<?xml version="1.0" encoding="UTF-8"?>
<!-- Generated by org.testng.reporters.JUnitReportReporter -->
<testsuite hostname="hsaudi-10" failures="0" tests="2" name="com.sumerge.tests.SignUpTest" time="70.157" errors="0" timestamp="2021-08-19T11:49:36 EET" skipped="0">
  <testcase classname="com.sumerge.tests.SignUpTest" name="signInPageTest" time="33.702"/>
  <system-out/>
  <testcase classname="com.sumerge.tests.SignUpTest" name="signInPageTest" time="36.455"/>
  <system-out/>
</testsuite> <!-- com.sumerge.tests.SignUpTest -->
