<?xml version="1.0" encoding="UTF-8"?>
<!-- Generated by org.testng.reporters.JUnitReportReporter -->
<testsuite hostname="hsaudi-10" failures="0" tests="2" name="com.sumerge.tests.SignUpTest" time="25.101" errors="0" timestamp="2021-08-22T18:56:19 EET" skipped="0">
  <testcase classname="com.sumerge.tests.SignUpTest" name="signInPageTest" time="12.508"/>
  <system-out/>
  <testcase classname="com.sumerge.tests.SignUpTest" name="signInPageTest" time="12.593"/>
  <system-out/>
</testsuite> <!-- com.sumerge.tests.SignUpTest -->
