<?xml version="1.0" encoding="UTF-8"?>
<!-- Generated by org.testng.reporters.JUnitReportReporter -->
<testsuite hostname="hsaudi-10" failures="0" tests="2" name="com.sumerge.tests.InvalidSignInTest" time="64.350" errors="0" timestamp="2021-08-19T11:49:36 EET" skipped="0">
  <testcase classname="com.sumerge.tests.InvalidSignInTest" name="signInTest" time="29.073"/>
  <system-out/>
  <testcase classname="com.sumerge.tests.InvalidSignInTest" name="signInTest" time="35.277"/>
  <system-out/>
</testsuite> <!-- com.sumerge.tests.InvalidSignInTest -->
