<?xml version="1.0" encoding="UTF-8"?>
<!-- Generated by org.testng.reporters.JUnitReportReporter -->
<testsuite hostname="hsaudi-10" failures="0" tests="2" name="com.sumerge.tests.ValidSignInTest" time="74.848" errors="0" timestamp="2021-08-19T11:49:36 EET" skipped="0">
  <testcase classname="com.sumerge.tests.ValidSignInTest" name="signInTest" time="41.477"/>
  <system-out/>
  <testcase classname="com.sumerge.tests.ValidSignInTest" name="signInTest" time="33.371"/>
  <system-out/>
</testsuite> <!-- com.sumerge.tests.ValidSignInTest -->
