<?xml version="1.0" encoding="UTF-8"?>
<!-- Generated by org.testng.reporters.JUnitReportReporter -->
<testsuite hostname="hsaudi-10" failures="0" tests="2" name="com.sumerge.tests.CreateAccountPageTest" time="33.161" errors="0" timestamp="2021-08-22T18:56:20 EET" skipped="0">
  <testcase classname="com.sumerge.tests.CreateAccountPageTest" name="createAccountTest" time="16.725"/>
  <system-out/>
  <testcase classname="com.sumerge.tests.CreateAccountPageTest" name="createAccountTest" time="16.436"/>
  <system-out/>
</testsuite> <!-- com.sumerge.tests.CreateAccountPageTest -->
